<?xml version="1.0" encoding="UTF-8"?>
<!-- Generated by org.testng.reporters.JUnitReportReporter -->
<testsuite hostname="A-Air.local" failures="0" tests="3" name="pages.HistoryAppointmentTestCases" time="5.675" errors="0" timestamp="2023-03-28T15:42:34 IST" skipped="0">
  <testcase classname="pages.HistoryAppointmentTestCases" name="verifyAppointment1" time="1.985"/>
  <system-out/>
  <testcase classname="pages.HistoryAppointmentTestCases" name="verifyAppointment" time="1.686"/>
  <system-out/>
  <testcase classname="pages.HistoryAppointmentTestCases" name="verifyUser" time="2.004"/>
  <system-out/>
</testsuite> <!-- pages.HistoryAppointmentTestCases -->
