<?xml version="1.0" encoding="UTF-8"?>
<!-- Generated by org.testng.reporters.JUnitReportReporter -->
<testsuite hostname="A-Air.local" failures="0" tests="6" name="TestCases.LoginFunctionalityTestCase" time="20.432" errors="0" timestamp="2023-03-29T18:21:56 IST" skipped="0">
  <testcase classname="TestCases.LoginFunctionalityTestCase" name="VerifyUser" time="3.499"/>
  <system-out/>
  <testcase classname="TestCases.LoginFunctionalityTestCase" name="VerifyUser" time="3.377"/>
  <system-out/>
  <testcase classname="TestCases.LoginFunctionalityTestCase" name="VerifyUser" time="3.549"/>
  <system-out/>
  <testcase classname="TestCases.LoginFunctionalityTestCase" name="VerifyUser" time="3.290"/>
  <system-out/>
  <testcase classname="TestCases.LoginFunctionalityTestCase" name="VerifyUser" time="3.418"/>
  <system-out/>
  <testcase classname="TestCases.LoginFunctionalityTestCase" name="VerifyUser" time="3.299"/>
  <system-out/>
</testsuite> <!-- TestCases.LoginFunctionalityTestCase -->
