<?xml version="1.0" encoding="UTF-8"?>
<!-- Generated by org.testng.reporters.JUnitReportReporter -->
<testsuite hostname="A-Air.local" failures="0" tests="4" name="TestCases.LoginTestCases" time="33.110" errors="0" timestamp="2023-03-29T18:21:56 IST" skipped="0">
  <testcase classname="TestCases.LoginTestCases" name="invalidUser" time="5.972"/>
  <system-out/>
  <testcase classname="TestCases.LoginTestCases" name="noUser" time="5.942"/>
  <system-out/>
  <testcase classname="TestCases.LoginTestCases" name="validUser" time="9.817"/>
  <system-out/>
  <testcase classname="TestCases.LoginTestCases" name="alterUser" time="11.379"/>
  <system-out/>
</testsuite> <!-- TestCases.LoginTestCases -->
