<?xml version="1.0" encoding="UTF-8"?>
<!-- Generated by org.testng.reporters.JUnitReportReporter -->
<testsuite hostname="A-Air.local" failures="0" tests="6" name="utility.LoginFunctionalityTestCase" time="24.737" errors="0" timestamp="2023-03-29T18:02:54 IST" skipped="0">
  <testcase classname="utility.LoginFunctionalityTestCase" name="VerifyUser" time="3.398"/>
  <system-out/>
  <testcase classname="utility.LoginFunctionalityTestCase" name="VerifyUser" time="3.533"/>
  <system-out/>
  <testcase classname="utility.LoginFunctionalityTestCase" name="VerifyUser" time="3.404"/>
  <system-out/>
  <testcase classname="utility.LoginFunctionalityTestCase" name="VerifyUser" time="3.501"/>
  <system-out/>
  <testcase classname="utility.LoginFunctionalityTestCase" name="VerifyUser" time="7.391"/>
  <system-out/>
  <testcase classname="utility.LoginFunctionalityTestCase" name="VerifyUser" time="3.510"/>
  <system-out/>
</testsuite> <!-- utility.LoginFunctionalityTestCase -->
