<?xml version="1.0" encoding="UTF-8"?>
<!-- Generated by org.testng.reporters.JUnitReportReporter -->
<testsuite hostname="A-Air.local" failures="0" tests="4" name="pages.LoginTestCases" time="32.482" errors="0" timestamp="2023-03-28T15:42:34 IST" skipped="0">
  <testcase classname="pages.LoginTestCases" name="invalidUser" time="5.909"/>
  <system-out/>
  <testcase classname="pages.LoginTestCases" name="noUser" time="5.851"/>
  <system-out/>
  <testcase classname="pages.LoginTestCases" name="validUser" time="9.750"/>
  <system-out/>
  <testcase classname="pages.LoginTestCases" name="alterUser" time="10.972"/>
  <system-out/>
</testsuite> <!-- pages.LoginTestCases -->
