<?xml version="1.0" encoding="UTF-8"?>
<!-- Generated by org.testng.reporters.JUnitReportReporter -->
<testsuite hostname="A-Air.local" failures="0" tests="2" name="TestCases.HistoryTestCases" time="6.043" errors="0" timestamp="2023-03-29T18:21:56 IST" skipped="0">
  <testcase classname="TestCases.HistoryTestCases" name="verifyUser" time="1.991"/>
  <system-out/>
  <testcase classname="TestCases.HistoryTestCases" name="verifynoHistory" time="4.052"/>
  <system-out/>
</testsuite> <!-- TestCases.HistoryTestCases -->
