<?xml version="1.0" encoding="UTF-8"?>
<!-- Generated by org.testng.reporters.JUnitReportReporter -->
<testsuite hostname="A-Air.local" failures="0" tests="1" name="TestCases.HomeTestCases" time="3.325" errors="0" timestamp="2023-03-29T18:21:56 IST" skipped="0">
  <testcase classname="TestCases.HomeTestCases" name="testHomeScreen" time="3.325"/>
  <system-out/>
</testsuite> <!-- TestCases.HomeTestCases -->
