<?xml version="1.0" encoding="UTF-8"?>
<!-- Generated by org.testng.reporters.JUnitReportReporter -->
<testsuite hostname="A-Air.local" failures="0" tests="2" name="TestCases.MakeAppointment" time="5.380" errors="0" timestamp="2023-03-29T18:21:56 IST" skipped="0">
  <testcase classname="TestCases.MakeAppointment" name="verifyAppointment" time="3.276"/>
  <system-out/>
  <testcase classname="TestCases.MakeAppointment" name="verifyUser" time="2.104"/>
  <system-out/>
</testsuite> <!-- TestCases.MakeAppointment -->
