<?xml version="1.0" encoding="UTF-8"?>
<!-- Generated by org.testng.reporters.JUnitReportReporter -->
<testsuite hostname="A-Air.local" failures="0" tests="3" name="TestCases.HistoryAppointmentTestCases" time="5.721" errors="0" timestamp="2023-03-29T18:21:56 IST" skipped="0">
  <testcase classname="TestCases.HistoryAppointmentTestCases" name="verifyAppointment" time="1.787"/>
  <system-out/>
  <testcase classname="TestCases.HistoryAppointmentTestCases" name="verifyAppointment1" time="1.936"/>
  <system-out/>
  <testcase classname="TestCases.HistoryAppointmentTestCases" name="verifyUser" time="1.998"/>
  <system-out/>
</testsuite> <!-- TestCases.HistoryAppointmentTestCases -->
