<?xml version="1.0" encoding="UTF-8"?>
<!-- Generated by org.testng.reporters.JUnitReportReporter -->
<testsuite hostname="A-Air.local" failures="0" tests="1" name="TestCases.HomeTestCases" time="0.508" errors="0" timestamp="2023-04-09T16:09:21 IST" skipped="0">
  <testcase classname="TestCases.HomeTestCases" name="testHomeScreen" time="0.508"/>
  <system-out/>
</testsuite> <!-- TestCases.HomeTestCases -->
