<?xml version="1.0" encoding="UTF-8"?>
<!-- Generated by org.testng.reporters.JUnitReportReporter -->
<testsuite hostname="A-Air.local" failures="0" tests="2" name="utility.ExtentReportClass" time="0.038" errors="0" timestamp="2023-04-09T17:05:54 IST" skipped="0">
  <testcase classname="utility.ExtentReportClass" name="failTest" time="0.013"/>
  <system-out/>
  <testcase classname="utility.ExtentReportClass" name="passTest" time="0.025"/>
  <system-out/>
</testsuite> <!-- utility.ExtentReportClass -->
