<?xml version="1.0" encoding="UTF-8"?>
<!-- Generated by org.testng.reporters.JUnitReportReporter -->
<testsuite hostname="A-Air.local" failures="0" tests="1" name="pages.HomeTestCases" time="3.350" errors="0" timestamp="2023-03-28T15:42:34 IST" skipped="0">
  <testcase classname="pages.HomeTestCases" name="testHomeScreen" time="3.350"/>
  <system-out/>
</testsuite> <!-- pages.HomeTestCases -->
