<?xml version="1.0" encoding="UTF-8"?>
<!-- Generated by org.testng.reporters.JUnitReportReporter -->
<testsuite hostname="A-Air.local" failures="0" tests="6" name="TestCases.LoginFunctionalityTestCase" time="20.089" errors="0" timestamp="2023-04-09T17:05:54 IST" skipped="0">
  <testcase classname="TestCases.LoginFunctionalityTestCase" name="VerifyUser" time="3.508"/>
  <system-out/>
  <testcase classname="TestCases.LoginFunctionalityTestCase" name="VerifyUser" time="3.310"/>
  <system-out/>
  <testcase classname="TestCases.LoginFunctionalityTestCase" name="VerifyUser" time="3.287"/>
  <system-out/>
  <testcase classname="TestCases.LoginFunctionalityTestCase" name="VerifyUser" time="3.332"/>
  <system-out/>
  <testcase classname="TestCases.LoginFunctionalityTestCase" name="VerifyUser" time="3.320"/>
  <system-out/>
  <testcase classname="TestCases.LoginFunctionalityTestCase" name="VerifyUser" time="3.332"/>
  <system-out/>
</testsuite> <!-- TestCases.LoginFunctionalityTestCase -->
