<?xml version="1.0" encoding="UTF-8"?>
<!-- Generated by org.testng.reporters.JUnitReportReporter -->
<testsuite hostname="A-Air.local" failures="0" tests="2" name="pages.MakeAppointment" time="5.006" errors="0" timestamp="2023-03-28T15:42:34 IST" skipped="0">
  <testcase classname="pages.MakeAppointment" name="verifyAppointment" time="2.698"/>
  <system-out/>
  <testcase classname="pages.MakeAppointment" name="verifyUser" time="2.308"/>
  <system-out/>
</testsuite> <!-- pages.MakeAppointment -->
