<?xml version="1.0" encoding="UTF-8"?>
<!-- Generated by org.testng.reporters.JUnitReportReporter -->
<testsuite hostname="A-Air.local" failures="0" tests="2" name="pages.HistoryTestCases" time="5.967" errors="0" timestamp="2023-03-28T15:42:34 IST" skipped="0">
  <testcase classname="pages.HistoryTestCases" name="verifynoHistory" time="3.917"/>
  <system-out/>
  <testcase classname="pages.HistoryTestCases" name="verifyUser" time="2.050"/>
  <system-out/>
</testsuite> <!-- pages.HistoryTestCases -->
