<?xml version="1.0" encoding="UTF-8"?>
<!-- Generated by org.testng.reporters.JUnitReportReporter -->
<testsuite hostname="A-Air.local" failures="0" tests="5" name="TestCases.UIAdressCases" time="16.910" errors="0" timestamp="2023-04-09T16:09:21 IST" skipped="0">
  <testcase classname="TestCases.UIAdressCases" name="verifyAdressAtHistory" time="3.314"/>
  <system-out/>
  <testcase classname="TestCases.UIAdressCases" name="verifyAdressAtProfile" time="3.245"/>
  <system-out/>
  <testcase classname="TestCases.UIAdressCases" name="verifyAdressAtAppointment" time="3.243"/>
  <system-out/>
  <testcase classname="TestCases.UIAdressCases" name="verifyAdressAtHome" time="3.574"/>
  <system-out/>
  <testcase classname="TestCases.UIAdressCases" name="verifyAdressAtLogin" time="3.534"/>
  <system-out/>
</testsuite> <!-- TestCases.UIAdressCases -->
