<?xml version="1.0" encoding="UTF-8"?>
<!-- Generated by org.testng.reporters.JUnitReportReporter -->
<testsuite hostname="A-Air.local" failures="0" tests="6" name="TestCases.LoginFunctionalityTestCase" time="21.525" errors="0" timestamp="2023-04-09T16:09:21 IST" skipped="0">
  <testcase classname="TestCases.LoginFunctionalityTestCase" name="VerifyUser" time="3.580"/>
  <system-out/>
  <testcase classname="TestCases.LoginFunctionalityTestCase" name="VerifyUser" time="3.542"/>
  <system-out/>
  <testcase classname="TestCases.LoginFunctionalityTestCase" name="VerifyUser" time="3.888"/>
  <system-out/>
  <testcase classname="TestCases.LoginFunctionalityTestCase" name="VerifyUser" time="3.479"/>
  <system-out/>
  <testcase classname="TestCases.LoginFunctionalityTestCase" name="VerifyUser" time="3.441"/>
  <system-out/>
  <testcase classname="TestCases.LoginFunctionalityTestCase" name="VerifyUser" time="3.595"/>
  <system-out/>
</testsuite> <!-- TestCases.LoginFunctionalityTestCase -->
