<?xml version="1.0" encoding="UTF-8"?>
<!-- Generated by org.testng.reporters.JUnitReportReporter -->
<testsuite hostname="A-Air.local" failures="0" tests="2" name="TestCases.MakeAppointment" time="4.763" errors="0" timestamp="2023-04-09T17:05:54 IST" skipped="0">
  <testcase classname="TestCases.MakeAppointment" name="verifyAppointment" time="2.841"/>
  <system-out/>
  <testcase classname="TestCases.MakeAppointment" name="verifyUser" time="1.922"/>
  <system-out/>
</testsuite> <!-- TestCases.MakeAppointment -->
