<?xml version="1.0" encoding="UTF-8"?>
<!-- Generated by org.testng.reporters.JUnitReportReporter -->
<testsuite hostname="A-Air.local" failures="0" tests="3" name="TestCases.HistoryAppointmentTestCases" time="6.270" errors="0" timestamp="2023-04-09T16:09:21 IST" skipped="0">
  <testcase classname="TestCases.HistoryAppointmentTestCases" name="verifyAppointment1" time="2.143"/>
  <system-out/>
  <testcase classname="TestCases.HistoryAppointmentTestCases" name="verifyUser" time="2.272"/>
  <system-out/>
  <testcase classname="TestCases.HistoryAppointmentTestCases" name="verifyAppointment" time="1.855"/>
  <system-out/>
</testsuite> <!-- TestCases.HistoryAppointmentTestCases -->
