<?xml version="1.0" encoding="UTF-8"?>
<!-- Generated by org.testng.reporters.JUnitReportReporter -->
<testsuite hostname="A-Air.local" failures="0" tests="2" name="TestCases.HistoryTestCases" time="5.852" errors="0" timestamp="2023-04-09T17:05:54 IST" skipped="0">
  <testcase classname="TestCases.HistoryTestCases" name="verifyUser" time="2.054"/>
  <system-out/>
  <testcase classname="TestCases.HistoryTestCases" name="verifynoHistory" time="3.798"/>
  <system-out/>
</testsuite> <!-- TestCases.HistoryTestCases -->
