<?xml version="1.0" encoding="UTF-8"?>
<!-- Generated by org.testng.reporters.JUnitReportReporter -->
<testsuite hostname="A-Air.local" failures="0" tests="4" name="TestCases.LoginTestCases" time="33.026" errors="0" timestamp="2023-04-09T16:09:21 IST" skipped="0">
  <testcase classname="TestCases.LoginTestCases" name="invalidUser" time="5.970"/>
  <system-out/>
  <testcase classname="TestCases.LoginTestCases" name="noUser" time="5.993"/>
  <system-out/>
  <testcase classname="TestCases.LoginTestCases" name="validUser" time="9.923"/>
  <system-out/>
  <testcase classname="TestCases.LoginTestCases" name="alterUser" time="11.140"/>
  <system-out/>
</testsuite> <!-- TestCases.LoginTestCases -->
