<?xml version="1.0" encoding="UTF-8"?>
<!-- Generated by org.testng.reporters.JUnitReportReporter -->
<testsuite hostname="A-Air.local" failures="0" tests="5" name="TestCases.UIAdressCases" time="14.415" errors="0" timestamp="2023-04-09T17:05:54 IST" skipped="0">
  <testcase classname="TestCases.UIAdressCases" name="verifyAdressAtHistory" time="3.055"/>
  <system-out/>
  <testcase classname="TestCases.UIAdressCases" name="verifyAdressAtHome" time="2.682"/>
  <system-out/>
  <testcase classname="TestCases.UIAdressCases" name="verifyAdressAtLogin" time="2.680"/>
  <system-out/>
  <testcase classname="TestCases.UIAdressCases" name="verifyAdressAtProfile" time="3.058"/>
  <system-out/>
  <testcase classname="TestCases.UIAdressCases" name="verifyAdressAtAppointment" time="2.940"/>
  <system-out/>
</testsuite> <!-- TestCases.UIAdressCases -->
