<?xml version="1.0" encoding="UTF-8"?>
<!-- Generated by org.testng.reporters.JUnitReportReporter -->
<testsuite hostname="A-Air.local" failures="0" tests="4" name="utility.BaseClass" time="10.930" errors="0" timestamp="2023-03-29T16:55:58 IST" skipped="0">
  <testcase classname="utility.BaseClass" name="verifyUser" time="1.667"/>
  <system-out/>
  <testcase classname="utility.BaseClass" name="verifyUser" time="6.175"/>
  <system-out/>
  <testcase classname="utility.BaseClass" name="verifyUser" time="1.493"/>
  <system-out/>
  <testcase classname="utility.BaseClass" name="verifyUser" time="1.595"/>
  <system-out/>
</testsuite> <!-- utility.BaseClass -->
