<?xml version="1.0" encoding="UTF-8"?>
<!-- Generated by org.testng.reporters.JUnitReportReporter -->
<testsuite hostname="A-Air.local" failures="0" tests="4" name="TestCases.LoginTestCases" time="32.603" errors="0" timestamp="2023-04-09T17:05:54 IST" skipped="0">
  <testcase classname="TestCases.LoginTestCases" name="alterUser" time="10.848"/>
  <system-out/>
  <testcase classname="TestCases.LoginTestCases" name="invalidUser" time="5.986"/>
  <system-out/>
  <testcase classname="TestCases.LoginTestCases" name="validUser" time="9.866"/>
  <system-out/>
  <testcase classname="TestCases.LoginTestCases" name="noUser" time="5.903"/>
  <system-out/>
</testsuite> <!-- TestCases.LoginTestCases -->
